<?xml version="1.0" encoding="UTF-8"?>
<coverage generated="1754316326847" clover="3.2.0">
  <project timestamp="1754316326848" name="All files">
    <metrics statements="100" coveredstatements="98" conditionals="2" coveredconditionals="0" methods="4" coveredmethods="2" elements="106" coveredelements="100" complexity="0" loc="100" ncloc="100" packages="4" files="20" classes="20"/>
    <package name="@types">
      <metrics statements="1" coveredstatements="1" conditionals="0" coveredconditionals="0" methods="0" coveredmethods="0"/>
      <file name="latlang.type.ts" path="/Users/yujiarima/Documents/GitHub/whatlas/src/@types/latlang.type.ts">
        <metrics statements="1" coveredstatements="1" conditionals="0" coveredconditionals="0" methods="0" coveredmethods="0"/>
        <line num="2" count="1" type="stmt"/>
      </file>
    </package>
    <package name="application.@types">
      <metrics statements="56" coveredstatements="56" conditionals="0" coveredconditionals="0" methods="0" coveredmethods="0"/>
      <file name="google-gateway.type.ts" path="/Users/yujiarima/Documents/GitHub/whatlas/src/application/@types/google-gateway.type.ts">
        <metrics statements="56" coveredstatements="56" conditionals="0" coveredconditionals="0" methods="0" coveredmethods="0"/>
        <line num="4" count="1" type="stmt"/>
        <line num="16" count="1" type="stmt"/>
        <line num="21" count="1" type="stmt"/>
        <line num="31" count="1" type="stmt"/>
        <line num="39" count="1" type="stmt"/>
        <line num="46" count="1" type="stmt"/>
        <line num="50" count="1" type="stmt"/>
        <line num="59" count="1" type="stmt"/>
        <line num="64" count="1" type="stmt"/>
        <line num="69" count="1" type="stmt"/>
        <line num="74" count="1" type="stmt"/>
        <line num="79" count="1" type="stmt"/>
        <line num="86" count="1" type="stmt"/>
        <line num="91" count="1" type="stmt"/>
        <line num="97" count="1" type="stmt"/>
        <line num="119" count="1" type="stmt"/>
        <line num="126" count="1" type="stmt"/>
        <line num="139" count="1" type="stmt"/>
        <line num="149" count="1" type="stmt"/>
        <line num="156" count="1" type="stmt"/>
        <line num="160" count="1" type="stmt"/>
        <line num="173" count="1" type="stmt"/>
        <line num="179" count="1" type="stmt"/>
        <line num="185" count="1" type="stmt"/>
        <line num="191" count="1" type="stmt"/>
        <line num="198" count="1" type="stmt"/>
        <line num="204" count="1" type="stmt"/>
        <line num="212" count="1" type="stmt"/>
        <line num="218" count="1" type="stmt"/>
        <line num="231" count="1" type="stmt"/>
        <line num="236" count="1" type="stmt"/>
        <line num="241" count="1" type="stmt"/>
        <line num="246" count="1" type="stmt"/>
        <line num="251" count="1" type="stmt"/>
        <line num="256" count="1" type="stmt"/>
        <line num="261" count="1" type="stmt"/>
        <line num="283" count="1" type="stmt"/>
        <line num="308" count="1" type="stmt"/>
        <line num="318" count="1" type="stmt"/>
        <line num="322" count="1" type="stmt"/>
        <line num="328" count="1" type="stmt"/>
        <line num="333" count="1" type="stmt"/>
        <line num="337" count="1" type="stmt"/>
        <line num="358" count="1" type="stmt"/>
        <line num="362" count="1" type="stmt"/>
        <line num="385" count="1" type="stmt"/>
        <line num="390" count="1" type="stmt"/>
        <line num="396" count="1" type="stmt"/>
        <line num="401" count="1" type="stmt"/>
        <line num="406" count="1" type="stmt"/>
        <line num="413" count="1" type="stmt"/>
        <line num="436" count="1" type="stmt"/>
        <line num="474" count="1" type="stmt"/>
        <line num="476" count="1" type="stmt"/>
        <line num="524" count="1" type="stmt"/>
        <line num="531" count="1" type="stmt"/>
      </file>
    </package>
    <package name="domain.entities">
      <metrics statements="42" coveredstatements="40" conditionals="2" coveredconditionals="0" methods="4" coveredmethods="2"/>
      <file name="bus-line-stop.model.ts" path="/Users/yujiarima/Documents/GitHub/whatlas/src/domain/entities/bus-line-stop.model.ts">
        <metrics statements="4" coveredstatements="4" conditionals="0" coveredconditionals="0" methods="0" coveredmethods="0"/>
        <line num="3" count="1" type="stmt"/>
        <line num="14" count="1" type="stmt"/>
        <line num="18" count="1" type="stmt"/>
        <line num="26" count="1" type="stmt"/>
      </file>
      <file name="complaint-vote.model.ts" path="/Users/yujiarima/Documents/GitHub/whatlas/src/domain/entities/complaint-vote.model.ts">
        <metrics statements="1" coveredstatements="1" conditionals="0" coveredconditionals="0" methods="0" coveredmethods="0"/>
        <line num="3" count="1" type="stmt"/>
      </file>
      <file name="complaint.model.ts" path="/Users/yujiarima/Documents/GitHub/whatlas/src/domain/entities/complaint.model.ts">
        <metrics statements="1" coveredstatements="1" conditionals="0" coveredconditionals="0" methods="0" coveredmethods="0"/>
        <line num="4" count="1" type="stmt"/>
      </file>
      <file name="location.model.ts" path="/Users/yujiarima/Documents/GitHub/whatlas/src/domain/entities/location.model.ts">
        <metrics statements="1" coveredstatements="1" conditionals="0" coveredconditionals="0" methods="0" coveredmethods="0"/>
        <line num="3" count="3" type="stmt"/>
      </file>
      <file name="recharge.model.ts" path="/Users/yujiarima/Documents/GitHub/whatlas/src/domain/entities/recharge.model.ts">
        <metrics statements="1" coveredstatements="1" conditionals="0" coveredconditionals="0" methods="0" coveredmethods="0"/>
        <line num="3" count="2" type="stmt"/>
      </file>
      <file name="schedule.model.ts" path="/Users/yujiarima/Documents/GitHub/whatlas/src/domain/entities/schedule.model.ts">
        <metrics statements="1" coveredstatements="1" conditionals="0" coveredconditionals="0" methods="0" coveredmethods="0"/>
        <line num="4" count="1" type="stmt"/>
      </file>
      <file name="sptrans-company.model.ts" path="/Users/yujiarima/Documents/GitHub/whatlas/src/domain/entities/sptrans-company.model.ts">
        <metrics statements="3" coveredstatements="3" conditionals="0" coveredconditionals="0" methods="0" coveredmethods="0"/>
        <line num="3" count="1" type="stmt"/>
        <line num="9" count="1" type="stmt"/>
        <line num="14" count="1" type="stmt"/>
      </file>
      <file name="sptrans-corredor.model.ts" path="/Users/yujiarima/Documents/GitHub/whatlas/src/domain/entities/sptrans-corredor.model.ts">
        <metrics statements="2" coveredstatements="2" conditionals="0" coveredconditionals="0" methods="0" coveredmethods="0"/>
        <line num="3" count="1" type="stmt"/>
        <line num="8" count="1" type="stmt"/>
      </file>
      <file name="sptrans-eta-line.model.ts" path="/Users/yujiarima/Documents/GitHub/whatlas/src/domain/entities/sptrans-eta-line.model.ts">
        <metrics statements="3" coveredstatements="3" conditionals="0" coveredconditionals="0" methods="0" coveredmethods="0"/>
        <line num="3" count="2" type="stmt"/>
        <line num="12" count="2" type="stmt"/>
        <line num="20" count="2" type="stmt"/>
      </file>
      <file name="sptrans-eta-stop.model.ts" path="/Users/yujiarima/Documents/GitHub/whatlas/src/domain/entities/sptrans-eta-stop.model.ts">
        <metrics statements="3" coveredstatements="3" conditionals="0" coveredconditionals="0" methods="0" coveredmethods="0"/>
        <line num="4" count="1" type="stmt"/>
        <line num="14" count="1" type="stmt"/>
        <line num="22" count="1" type="stmt"/>
      </file>
      <file name="sptrans-line.model.ts" path="/Users/yujiarima/Documents/GitHub/whatlas/src/domain/entities/sptrans-line.model.ts">
        <metrics statements="2" coveredstatements="2" conditionals="0" coveredconditionals="0" methods="0" coveredmethods="0"/>
        <line num="3" count="1" type="stmt"/>
        <line num="13" count="1" type="stmt"/>
      </file>
      <file name="sptrans-position.model.ts" path="/Users/yujiarima/Documents/GitHub/whatlas/src/domain/entities/sptrans-position.model.ts">
        <metrics statements="2" coveredstatements="2" conditionals="0" coveredconditionals="0" methods="0" coveredmethods="0"/>
        <line num="4" count="1" type="stmt"/>
        <line num="14" count="1" type="stmt"/>
      </file>
      <file name="sptrans-stop.model.ts" path="/Users/yujiarima/Documents/GitHub/whatlas/src/domain/entities/sptrans-stop.model.ts">
        <metrics statements="2" coveredstatements="2" conditionals="0" coveredconditionals="0" methods="0" coveredmethods="0"/>
        <line num="3" count="1" type="stmt"/>
        <line num="11" count="1" type="stmt"/>
      </file>
      <file name="sptrans-vehicle.model.ts" path="/Users/yujiarima/Documents/GitHub/whatlas/src/domain/entities/sptrans-vehicle.model.ts">
        <metrics statements="2" coveredstatements="2" conditionals="0" coveredconditionals="0" methods="0" coveredmethods="0"/>
        <line num="3" count="2" type="stmt"/>
        <line num="13" count="2" type="stmt"/>
      </file>
      <file name="trip.model.ts" path="/Users/yujiarima/Documents/GitHub/whatlas/src/domain/entities/trip.model.ts">
        <metrics statements="9" coveredstatements="7" conditionals="2" coveredconditionals="0" methods="3" coveredmethods="1"/>
        <line num="6" count="1" type="stmt"/>
        <line num="7" count="1" type="stmt"/>
        <line num="8" count="1" type="stmt"/>
        <line num="10" count="1" type="stmt"/>
        <line num="15" count="1" type="stmt"/>
        <line num="24" count="0" type="stmt"/>
        <line num="32" count="1" type="stmt"/>
        <line num="51" count="1" type="stmt"/>
        <line num="53" count="0" type="stmt"/>
      </file>
      <file name="user-card-balance.model.ts" path="/Users/yujiarima/Documents/GitHub/whatlas/src/domain/entities/user-card-balance.model.ts">
        <metrics statements="2" coveredstatements="2" conditionals="0" coveredconditionals="0" methods="1" coveredmethods="1"/>
        <line num="5" count="2" type="stmt"/>
        <line num="12" count="8" type="stmt"/>
      </file>
      <file name="user.model.ts" path="/Users/yujiarima/Documents/GitHub/whatlas/src/domain/entities/user.model.ts">
        <metrics statements="3" coveredstatements="3" conditionals="0" coveredconditionals="0" methods="0" coveredmethods="0"/>
        <line num="8" count="1" type="stmt"/>
        <line num="16" count="1" type="stmt"/>
        <line num="35" count="1" type="stmt"/>
      </file>
    </package>
    <package name="utils">
      <metrics statements="1" coveredstatements="1" conditionals="0" coveredconditionals="0" methods="0" coveredmethods="0"/>
      <file name="error-messages.ts" path="/Users/yujiarima/Documents/GitHub/whatlas/src/utils/error-messages.ts">
        <metrics statements="1" coveredstatements="1" conditionals="0" coveredconditionals="0" methods="0" coveredmethods="0"/>
        <line num="1" count="3" type="stmt"/>
      </file>
    </package>
  </project>
</coverage>
