{"/Users/yujiarima/Documents/GitHub/whatlas/src/@types/latlang.type.ts": {"path":"/Users/yujiarima/Documents/GitHub/whatlas/src/@types/latlang.type.ts","statementMap":{"0":{"start":{"line":2,"column":27},"end":{"line":5,"column":2}}},"fnMap":{},"branchMap":{},"s":{"0":1},"f":{},"b":{},"_coverageSchema":"1a1c01bbd47fc00a2c39e90264f33305004495a9","hash":"aae2cc33e9a3e616ca5a6765206716485221c91d"}
,"/Users/yujiarima/Documents/GitHub/whatlas/src/application/@types/google-gateway.type.ts": {"path":"/Users/yujiarima/Documents/GitHub/whatlas/src/application/@types/google-gateway.type.ts","statementMap":{"0":{"start":{"line":4,"column":17},"end":{"line":14,"column":2}},"1":{"start":{"line":16,"column":30},"end":{"line":19,"column":2}},"2":{"start":{"line":21,"column":35},"end":{"line":29,"column":2}},"3":{"start":{"line":31,"column":17},"end":{"line":37,"column":2}},"4":{"start":{"line":39,"column":17},"end":{"line":42,"column":2}},"5":{"start":{"line":46,"column":20},"end":{"line":48,"column":2}},"6":{"start":{"line":50,"column":23},"end":{"line":57,"column":2}},"7":{"start":{"line":59,"column":22},"end":{"line":62,"column":2}},"8":{"start":{"line":64,"column":22},"end":{"line":67,"column":2}},"9":{"start":{"line":69,"column":36},"end":{"line":72,"column":2}},"10":{"start":{"line":74,"column":20},"end":{"line":77,"column":2}},"11":{"start":{"line":79,"column":27},"end":{"line":84,"column":2}},"12":{"start":{"line":86,"column":38},"end":{"line":89,"column":2}},"13":{"start":{"line":91,"column":22},"end":{"line":95,"column":2}},"14":{"start":{"line":97,"column":38},"end":{"line":117,"column":2}},"15":{"start":{"line":119,"column":23},"end":{"line":124,"column":2}},"16":{"start":{"line":126,"column":20},"end":{"line":137,"column":2}},"17":{"start":{"line":139,"column":35},"end":{"line":147,"column":2}},"18":{"start":{"line":149,"column":26},"end":{"line":154,"column":2}},"19":{"start":{"line":156,"column":22},"end":{"line":158,"column":2}},"20":{"start":{"line":160,"column":21},"end":{"line":171,"column":2}},"21":{"start":{"line":173,"column":14},"end":{"line":177,"column":2}},"22":{"start":{"line":179,"column":17},"end":{"line":183,"column":2}},"23":{"start":{"line":185,"column":29},"end":{"line":189,"column":2}},"24":{"start":{"line":191,"column":28},"end":{"line":196,"column":2}},"25":{"start":{"line":198,"column":15},"end":{"line":202,"column":2}},"26":{"start":{"line":204,"column":25},"end":{"line":210,"column":2}},"27":{"start":{"line":212,"column":25},"end":{"line":216,"column":2}},"28":{"start":{"line":218,"column":17},"end":{"line":229,"column":2}},"29":{"start":{"line":231,"column":17},"end":{"line":234,"column":2}},"30":{"start":{"line":236,"column":27},"end":{"line":239,"column":2}},"31":{"start":{"line":241,"column":20},"end":{"line":244,"column":2}},"32":{"start":{"line":246,"column":23},"end":{"line":249,"column":2}},"33":{"start":{"line":251,"column":24},"end":{"line":254,"column":2}},"34":{"start":{"line":256,"column":21},"end":{"line":259,"column":2}},"35":{"start":{"line":261,"column":14},"end":{"line":281,"column":2}},"36":{"start":{"line":283,"column":37},"end":{"line":306,"column":2}},"37":{"start":{"line":308,"column":45},"end":{"line":312,"column":2}},"38":{"start":{"line":318,"column":17},"end":{"line":320,"column":2}},"39":{"start":{"line":322,"column":32},"end":{"line":326,"column":2}},"40":{"start":{"line":328,"column":27},"end":{"line":331,"column":2}},"41":{"start":{"line":333,"column":33},"end":{"line":335,"column":2}},"42":{"start":{"line":337,"column":29},"end":{"line":356,"column":2}},"43":{"start":{"line":358,"column":20},"end":{"line":360,"column":2}},"44":{"start":{"line":362,"column":22},"end":{"line":383,"column":2}},"45":{"start":{"line":385,"column":18},"end":{"line":388,"column":2}},"46":{"start":{"line":390,"column":13},"end":{"line":394,"column":2}},"47":{"start":{"line":396,"column":19},"end":{"line":399,"column":2}},"48":{"start":{"line":401,"column":42},"end":{"line":404,"column":2}},"49":{"start":{"line":406,"column":32},"end":{"line":411,"column":2}},"50":{"start":{"line":413,"column":32},"end":{"line":432,"column":2}},"51":{"start":{"line":436,"column":21},"end":{"line":472,"column":2}},"52":{"start":{"line":474,"column":21},"end":{"line":474,"column":144}},"53":{"start":{"line":476,"column":34},"end":{"line":520,"column":2}},"54":{"start":{"line":524,"column":43},"end":{"line":529,"column":2}},"55":{"start":{"line":531,"column":44},"end":{"line":540,"column":2}}},"fnMap":{},"branchMap":{},"s":{"0":1,"1":1,"2":1,"3":1,"4":1,"5":1,"6":1,"7":1,"8":1,"9":1,"10":1,"11":1,"12":1,"13":1,"14":1,"15":1,"16":1,"17":1,"18":1,"19":1,"20":1,"21":1,"22":1,"23":1,"24":1,"25":1,"26":1,"27":1,"28":1,"29":1,"30":1,"31":1,"32":1,"33":1,"34":1,"35":1,"36":1,"37":1,"38":1,"39":1,"40":1,"41":1,"42":1,"43":1,"44":1,"45":1,"46":1,"47":1,"48":1,"49":1,"50":1,"51":1,"52":1,"53":1,"54":1,"55":1},"f":{},"b":{},"_coverageSchema":"1a1c01bbd47fc00a2c39e90264f33305004495a9","hash":"127845ae5a57935c3dd7d2898983b190d10a93dd"}
,"/Users/yujiarima/Documents/GitHub/whatlas/src/domain/entities/bus-line-stop.model.ts": {"path":"/Users/yujiarima/Documents/GitHub/whatlas/src/domain/entities/bus-line-stop.model.ts","statementMap":{"0":{"start":{"line":3,"column":28},"end":{"line":11,"column":2}},"1":{"start":{"line":14,"column":29},"end":{"line":14,"column":50}},"2":{"start":{"line":18,"column":28},"end":{"line":23,"column":2}},"3":{"start":{"line":26,"column":29},"end":{"line":26,"column":50}}},"fnMap":{},"branchMap":{},"s":{"0":1,"1":1,"2":1,"3":1},"f":{},"b":{},"_coverageSchema":"1a1c01bbd47fc00a2c39e90264f33305004495a9","hash":"9a8f90bc1298464d80dd95da03ca192c9477f531"}
,"/Users/yujiarima/Documents/GitHub/whatlas/src/domain/entities/complaint-vote.model.ts": {"path":"/Users/yujiarima/Documents/GitHub/whatlas/src/domain/entities/complaint-vote.model.ts","statementMap":{"0":{"start":{"line":3,"column":34},"end":{"line":8,"column":2}}},"fnMap":{},"branchMap":{},"s":{"0":1},"f":{},"b":{},"_coverageSchema":"1a1c01bbd47fc00a2c39e90264f33305004495a9","hash":"38298c485a549537982ac4cfbf72ba21e4fba967"}
,"/Users/yujiarima/Documents/GitHub/whatlas/src/domain/entities/complaint.model.ts": {"path":"/Users/yujiarima/Documents/GitHub/whatlas/src/domain/entities/complaint.model.ts","statementMap":{"0":{"start":{"line":4,"column":30},"end":{"line":12,"column":2}}},"fnMap":{},"branchMap":{},"s":{"0":1},"f":{},"b":{},"_coverageSchema":"1a1c01bbd47fc00a2c39e90264f33305004495a9","hash":"234170c69a83194a76a92972289be0af2dc35134"}
,"/Users/yujiarima/Documents/GitHub/whatlas/src/domain/entities/location.model.ts": {"path":"/Users/yujiarima/Documents/GitHub/whatlas/src/domain/entities/location.model.ts","statementMap":{"0":{"start":{"line":3,"column":29},"end":{"line":7,"column":2}}},"fnMap":{},"branchMap":{},"s":{"0":3},"f":{},"b":{},"_coverageSchema":"1a1c01bbd47fc00a2c39e90264f33305004495a9","hash":"1a3ae592063c82937a311b577a6924dd0fb81c60"}
,"/Users/yujiarima/Documents/GitHub/whatlas/src/domain/entities/recharge.model.ts": {"path":"/Users/yujiarima/Documents/GitHub/whatlas/src/domain/entities/recharge.model.ts","statementMap":{"0":{"start":{"line":3,"column":35},"end":{"line":8,"column":2}}},"fnMap":{},"branchMap":{},"s":{"0":2},"f":{},"b":{},"_coverageSchema":"1a1c01bbd47fc00a2c39e90264f33305004495a9","hash":"a430a1c4a24475441461a450071bd2291e17ef62"}
,"/Users/yujiarima/Documents/GitHub/whatlas/src/domain/entities/schedule.model.ts": {"path":"/Users/yujiarima/Documents/GitHub/whatlas/src/domain/entities/schedule.model.ts","statementMap":{"0":{"start":{"line":4,"column":29},"end":{"line":14,"column":2}}},"fnMap":{},"branchMap":{},"s":{"0":1},"f":{},"b":{},"_coverageSchema":"1a1c01bbd47fc00a2c39e90264f33305004495a9","hash":"bbba8ac320d6566bba5f2fd006c9353349935cb0"}
,"/Users/yujiarima/Documents/GitHub/whatlas/src/domain/entities/sptrans-company.model.ts": {"path":"/Users/yujiarima/Documents/GitHub/whatlas/src/domain/entities/sptrans-company.model.ts","statementMap":{"0":{"start":{"line":3,"column":35},"end":{"line":7,"column":2}},"1":{"start":{"line":9,"column":39},"end":{"line":12,"column":2}},"2":{"start":{"line":14,"column":43},"end":{"line":17,"column":2}}},"fnMap":{},"branchMap":{},"s":{"0":1,"1":1,"2":1},"f":{},"b":{},"_coverageSchema":"1a1c01bbd47fc00a2c39e90264f33305004495a9","hash":"f1fc2ed1ab7d83fb9cdf79c5c82095f82ea798f0"}
,"/Users/yujiarima/Documents/GitHub/whatlas/src/domain/entities/sptrans-corredor.model.ts": {"path":"/Users/yujiarima/Documents/GitHub/whatlas/src/domain/entities/sptrans-corredor.model.ts","statementMap":{"0":{"start":{"line":3,"column":36},"end":{"line":6,"column":2}},"1":{"start":{"line":8,"column":44},"end":{"line":8,"column":73}}},"fnMap":{},"branchMap":{},"s":{"0":1,"1":1},"f":{},"b":{},"_coverageSchema":"1a1c01bbd47fc00a2c39e90264f33305004495a9","hash":"31f603d0dfa3fc688c4c803bd543c465fc26046c"}
,"/Users/yujiarima/Documents/GitHub/whatlas/src/domain/entities/sptrans-eta-line.model.ts": {"path":"/Users/yujiarima/Documents/GitHub/whatlas/src/domain/entities/sptrans-eta-line.model.ts","statementMap":{"0":{"start":{"line":3,"column":31},"end":{"line":10,"column":2}},"1":{"start":{"line":12,"column":28},"end":{"line":18,"column":2}},"2":{"start":{"line":20,"column":35},"end":{"line":23,"column":2}}},"fnMap":{},"branchMap":{},"s":{"0":2,"1":2,"2":2},"f":{},"b":{},"_coverageSchema":"1a1c01bbd47fc00a2c39e90264f33305004495a9","hash":"ea6faffcee96d00abe373a7450ba405ffa63518f"}
,"/Users/yujiarima/Documents/GitHub/whatlas/src/domain/entities/sptrans-eta-stop.model.ts": {"path":"/Users/yujiarima/Documents/GitHub/whatlas/src/domain/entities/sptrans-eta-stop.model.ts","statementMap":{"0":{"start":{"line":4,"column":36},"end":{"line":12,"column":2}},"1":{"start":{"line":14,"column":28},"end":{"line":20,"column":2}},"2":{"start":{"line":22,"column":33},"end":{"line":25,"column":2}}},"fnMap":{},"branchMap":{},"s":{"0":1,"1":1,"2":1},"f":{},"b":{},"_coverageSchema":"1a1c01bbd47fc00a2c39e90264f33305004495a9","hash":"b5739926f936e43e31587255de46921514127753"}
,"/Users/yujiarima/Documents/GitHub/whatlas/src/domain/entities/sptrans-line.model.ts": {"path":"/Users/yujiarima/Documents/GitHub/whatlas/src/domain/entities/sptrans-line.model.ts","statementMap":{"0":{"start":{"line":3,"column":32},"end":{"line":11,"column":2}},"1":{"start":{"line":13,"column":33},"end":{"line":13,"column":58}}},"fnMap":{},"branchMap":{},"s":{"0":1,"1":1},"f":{},"b":{},"_coverageSchema":"1a1c01bbd47fc00a2c39e90264f33305004495a9","hash":"9bd7e26dcc17f6519ff5f56b14071801b5814719"}
,"/Users/yujiarima/Documents/GitHub/whatlas/src/domain/entities/sptrans-position.model.ts": {"path":"/Users/yujiarima/Documents/GitHub/whatlas/src/domain/entities/sptrans-position.model.ts","statementMap":{"0":{"start":{"line":4,"column":33},"end":{"line":12,"column":2}},"1":{"start":{"line":14,"column":41},"end":{"line":17,"column":2}}},"fnMap":{},"branchMap":{},"s":{"0":1,"1":1},"f":{},"b":{},"_coverageSchema":"1a1c01bbd47fc00a2c39e90264f33305004495a9","hash":"75d5103806031b016253c2f5efb6bd51193dbe70"}
,"/Users/yujiarima/Documents/GitHub/whatlas/src/domain/entities/sptrans-stop.model.ts": {"path":"/Users/yujiarima/Documents/GitHub/whatlas/src/domain/entities/sptrans-stop.model.ts","statementMap":{"0":{"start":{"line":3,"column":32},"end":{"line":9,"column":2}},"1":{"start":{"line":11,"column":40},"end":{"line":11,"column":65}}},"fnMap":{},"branchMap":{},"s":{"0":1,"1":1},"f":{},"b":{},"_coverageSchema":"1a1c01bbd47fc00a2c39e90264f33305004495a9","hash":"c2f0b1704b2c7254d474c003db11ab97b88702e4"}
,"/Users/yujiarima/Documents/GitHub/whatlas/src/domain/entities/sptrans-vehicle.model.ts": {"path":"/Users/yujiarima/Documents/GitHub/whatlas/src/domain/entities/sptrans-vehicle.model.ts","statementMap":{"0":{"start":{"line":3,"column":35},"end":{"line":9,"column":2}},"1":{"start":{"line":13,"column":42},"end":{"line":16,"column":2}}},"fnMap":{},"branchMap":{},"s":{"0":2,"1":2},"f":{},"b":{},"_coverageSchema":"1a1c01bbd47fc00a2c39e90264f33305004495a9","hash":"bc3f65e5f2040a4de5214799c29cf4986de32a4e"}
,"/Users/yujiarima/Documents/GitHub/whatlas/src/domain/entities/trip.model.ts": {"path":"/Users/yujiarima/Documents/GitHub/whatlas/src/domain/entities/trip.model.ts","statementMap":{"0":{"start":{"line":6,"column":18},"end":{"line":6,"column":44}},"1":{"start":{"line":7,"column":20},"end":{"line":7,"column":64}},"2":{"start":{"line":8,"column":28},"end":{"line":8,"column":53}},"3":{"start":{"line":10,"column":38},"end":{"line":13,"column":1}},"4":{"start":{"line":15,"column":29},"end":{"line":28,"column":2}},"5":{"start":{"line":24,"column":2},"end":{"line":27,"column":3}},"6":{"start":{"line":32,"column":31},"end":{"line":55,"column":2}},"7":{"start":{"line":51,"column":2},"end":{"line":54,"column":3}},"8":{"start":{"line":53,"column":50},"end":{"line":53,"column":66}}},"fnMap":{"0":{"name":"(anonymous_0)","decl":{"start":{"line":23,"column":13},"end":{"line":23,"column":14}},"loc":{"start":{"line":23,"column":25},"end":{"line":28,"column":1}},"line":23},"1":{"name":"(anonymous_1)","decl":{"start":{"line":50,"column":13},"end":{"line":50,"column":14}},"loc":{"start":{"line":50,"column":21},"end":{"line":55,"column":1}},"line":50},"2":{"name":"(anonymous_2)","decl":{"start":{"line":53,"column":35},"end":{"line":53,"column":36}},"loc":{"start":{"line":53,"column":50},"end":{"line":53,"column":66}},"line":53}},"branchMap":{"0":{"loc":{"start":{"line":26,"column":11},"end":{"line":26,"column":120}},"type":"cond-expr","locations":[{"start":{"line":26,"column":33},"end":{"line":26,"column":77}},{"start":{"line":26,"column":80},"end":{"line":26,"column":120}}],"line":26}},"s":{"0":1,"1":1,"2":1,"3":1,"4":1,"5":0,"6":1,"7":1,"8":0},"f":{"0":0,"1":1,"2":0},"b":{"0":[0,0]},"_coverageSchema":"1a1c01bbd47fc00a2c39e90264f33305004495a9","hash":"96a188a2367058f12e9a76f13dfd042c6ad39a4e"}
,"/Users/yujiarima/Documents/GitHub/whatlas/src/domain/entities/user-card-balance.model.ts": {"path":"/Users/yujiarima/Documents/GitHub/whatlas/src/domain/entities/user-card-balance.model.ts","statementMap":{"0":{"start":{"line":5,"column":42},"end":{"line":17,"column":2}},"1":{"start":{"line":12,"column":2},"end":{"line":16,"column":3}}},"fnMap":{"0":{"name":"(anonymous_0)","decl":{"start":{"line":11,"column":13},"end":{"line":11,"column":14}},"loc":{"start":{"line":11,"column":32},"end":{"line":17,"column":1}},"line":11}},"branchMap":{},"s":{"0":2,"1":8},"f":{"0":8},"b":{},"_coverageSchema":"1a1c01bbd47fc00a2c39e90264f33305004495a9","hash":"56ddcb8034a3a1f4d62fe2f60172372651bb14d6"}
,"/Users/yujiarima/Documents/GitHub/whatlas/src/domain/entities/user.model.ts": {"path":"/Users/yujiarima/Documents/GitHub/whatlas/src/domain/entities/user.model.ts","statementMap":{"0":{"start":{"line":8,"column":34},"end":{"line":12,"column":2}},"1":{"start":{"line":16,"column":26},"end":{"line":31,"column":2}},"2":{"start":{"line":35,"column":32},"end":{"line":35,"column":95}}},"fnMap":{},"branchMap":{},"s":{"0":1,"1":1,"2":1},"f":{},"b":{},"_coverageSchema":"1a1c01bbd47fc00a2c39e90264f33305004495a9","hash":"e2d136d51f7011484f0174a6ad070fd61b839330"}
,"/Users/yujiarima/Documents/GitHub/whatlas/src/utils/error-messages.ts": {"path":"/Users/yujiarima/Documents/GitHub/whatlas/src/utils/error-messages.ts","statementMap":{"0":{"start":{"line":1,"column":35},"end":{"line":6,"column":1}}},"fnMap":{},"branchMap":{},"s":{"0":3},"f":{},"b":{},"_coverageSchema":"1a1c01bbd47fc00a2c39e90264f33305004495a9","hash":"9bb2349986162c41b0ac41950b101209371c7a3c"}
}
