TN:
SF:src/@types/latlang.type.ts
FNF:0
FNH:0
DA:2,1
LF:1
LH:1
BRF:0
BRH:0
end_of_record
TN:
SF:src/application/@types/google-gateway.type.ts
FNF:0
FNH:0
DA:4,1
DA:16,1
DA:21,1
DA:31,1
DA:39,1
DA:46,1
DA:50,1
DA:59,1
DA:64,1
DA:69,1
DA:74,1
DA:79,1
DA:86,1
DA:91,1
DA:97,1
DA:119,1
DA:126,1
DA:139,1
DA:149,1
DA:156,1
DA:160,1
DA:173,1
DA:179,1
DA:185,1
DA:191,1
DA:198,1
DA:204,1
DA:212,1
DA:218,1
DA:231,1
DA:236,1
DA:241,1
DA:246,1
DA:251,1
DA:256,1
DA:261,1
DA:283,1
DA:308,1
DA:318,1
DA:322,1
DA:328,1
DA:333,1
DA:337,1
DA:358,1
DA:362,1
DA:385,1
DA:390,1
DA:396,1
DA:401,1
DA:406,1
DA:413,1
DA:436,1
DA:474,1
DA:476,1
DA:524,1
DA:531,1
LF:56
LH:56
BRF:0
BRH:0
end_of_record
TN:
SF:src/domain/entities/bus-line-stop.model.ts
FNF:0
FNH:0
DA:3,1
DA:14,1
DA:18,1
DA:26,1
LF:4
LH:4
BRF:0
BRH:0
end_of_record
TN:
SF:src/domain/entities/complaint-vote.model.ts
FNF:0
FNH:0
DA:3,1
LF:1
LH:1
BRF:0
BRH:0
end_of_record
TN:
SF:src/domain/entities/complaint.model.ts
FNF:0
FNH:0
DA:4,1
LF:1
LH:1
BRF:0
BRH:0
end_of_record
TN:
SF:src/domain/entities/location.model.ts
FNF:0
FNH:0
DA:3,3
LF:1
LH:1
BRF:0
BRH:0
end_of_record
TN:
SF:src/domain/entities/recharge.model.ts
FNF:0
FNH:0
DA:3,2
LF:1
LH:1
BRF:0
BRH:0
end_of_record
TN:
SF:src/domain/entities/schedule.model.ts
FNF:0
FNH:0
DA:4,1
LF:1
LH:1
BRF:0
BRH:0
end_of_record
TN:
SF:src/domain/entities/sptrans-company.model.ts
FNF:0
FNH:0
DA:3,1
DA:9,1
DA:14,1
LF:3
LH:3
BRF:0
BRH:0
end_of_record
TN:
SF:src/domain/entities/sptrans-corredor.model.ts
FNF:0
FNH:0
DA:3,1
DA:8,1
LF:2
LH:2
BRF:0
BRH:0
end_of_record
TN:
SF:src/domain/entities/sptrans-eta-line.model.ts
FNF:0
FNH:0
DA:3,2
DA:12,2
DA:20,2
LF:3
LH:3
BRF:0
BRH:0
end_of_record
TN:
SF:src/domain/entities/sptrans-eta-stop.model.ts
FNF:0
FNH:0
DA:4,1
DA:14,1
DA:22,1
LF:3
LH:3
BRF:0
BRH:0
end_of_record
TN:
SF:src/domain/entities/sptrans-line.model.ts
FNF:0
FNH:0
DA:3,1
DA:13,1
LF:2
LH:2
BRF:0
BRH:0
end_of_record
TN:
SF:src/domain/entities/sptrans-position.model.ts
FNF:0
FNH:0
DA:4,1
DA:14,1
LF:2
LH:2
BRF:0
BRH:0
end_of_record
TN:
SF:src/domain/entities/sptrans-stop.model.ts
FNF:0
FNH:0
DA:3,1
DA:11,1
LF:2
LH:2
BRF:0
BRH:0
end_of_record
TN:
SF:src/domain/entities/sptrans-vehicle.model.ts
FNF:0
FNH:0
DA:3,2
DA:13,2
LF:2
LH:2
BRF:0
BRH:0
end_of_record
TN:
SF:src/domain/entities/trip.model.ts
FN:23,(anonymous_0)
FN:50,(anonymous_1)
FN:53,(anonymous_2)
FNF:3
FNH:1
FNDA:0,(anonymous_0)
FNDA:1,(anonymous_1)
FNDA:0,(anonymous_2)
DA:6,1
DA:7,1
DA:8,1
DA:10,1
DA:15,1
DA:24,0
DA:32,1
DA:51,1
DA:53,0
LF:9
LH:7
BRDA:26,0,0,0
BRDA:26,0,1,0
BRF:2
BRH:0
end_of_record
TN:
SF:src/domain/entities/user-card-balance.model.ts
FN:11,(anonymous_0)
FNF:1
FNH:1
FNDA:8,(anonymous_0)
DA:5,2
DA:12,8
LF:2
LH:2
BRF:0
BRH:0
end_of_record
TN:
SF:src/domain/entities/user.model.ts
FNF:0
FNH:0
DA:8,1
DA:16,1
DA:35,1
LF:3
LH:3
BRF:0
BRH:0
end_of_record
TN:
SF:src/utils/error-messages.ts
FNF:0
FNH:0
DA:1,3
LF:1
LH:1
BRF:0
BRH:0
end_of_record
